<?xml version="1.0" encoding="UTF-8"?>
<!-- Generated by org.testng.reporters.JUnitReportReporter -->
<testsuite hostname="Courtracks-MacBook-Pro.local" failures="0" tests="2" name="api.test.PropertyTests" time="2.964" errors="0" timestamp="2025-01-13T18:02:31 GMT-03:00" skipped="0">
  <testcase classname="api.test.PropertyTests" name="testCreateProperty" time="2.140"/>
  <testcase classname="api.test.PropertyTests" name="testGetPropertyById" time="0.824"/>
</testsuite> <!-- api.test.PropertyTests -->
