<?xml version="1.0" encoding="UTF-8"?>
<!-- Generated by org.testng.reporters.JUnitReportReporter -->
<testsuite hostname="Courtracks-MacBook-Pro.local" failures="0" tests="3" name="api.test.BookingTests" time="1.509" errors="0" timestamp="2025-01-13T18:02:31 GMT-03:00" skipped="1">
  <testcase classname="api.test.BookingTests" name="testOverlappingBooking" time="0.815"/>
  <testcase classname="api.test.BookingTests" name="testCreateBooking" time="0.694"/>
  <testcase classname="api.test.BookingTests" name="testGetBookingById">
    <skipped/>
  </testcase> <!-- testGetBookingById -->
</testsuite> <!-- api.test.BookingTests -->
